-------------------------------------------------------------------------------
Test set: com.dbodor.veterinariaweb.auth.HU21PanelAdministracionTest
-------------------------------------------------------------------------------
Tests run: 6, Failures: 3, Errors: 0, Skipped: 0, Time elapsed: 1.089 s <<< FAILURE! -- in com.dbodor.veterinariaweb.auth.HU21PanelAdministracionTest
com.dbodor.veterinariaweb.auth.HU21PanelAdministracionTest.sinSesionAlLogin -- Time elapsed: 0.024 s <<< FAILURE!
java.lang.AssertionError: Range for response status value 401 expected:<REDIRECTION> but was:<CLIENT_ERROR>
	at org.springframework.test.util.AssertionErrors.fail(AssertionErrors.java:62)
	at org.springframework.test.util.AssertionErrors.assertEquals(AssertionErrors.java:129)
	at org.springframework.test.web.servlet.result.StatusResultMatchers.lambda$is3xxRedirection$0(StatusResultMatchers.java:88)
	at org.springframework.test.web.servlet.MockMvc$1.andExpect(MockMvc.java:212)
	at com.dbodor.veterinariaweb.auth.HU21PanelAdministracionTest.sinSesionAlLogin(HU21PanelAdministracionTest.java:88)

com.dbodor.veterinariaweb.auth.HU21PanelAdministracionTest.clienteNoEntraAlPanel -- Time elapsed: 0.013 s <<< FAILURE!
java.lang.AssertionError: Range for response status value 200 expected:<REDIRECTION> but was:<SUCCESSFUL>
	at org.springframework.test.util.AssertionErrors.fail(AssertionErrors.java:62)
	at org.springframework.test.util.AssertionErrors.assertEquals(AssertionErrors.java:129)
	at org.springframework.test.web.servlet.result.StatusResultMatchers.lambda$is3xxRedirection$0(StatusResultMatchers.java:88)
	at org.springframework.test.web.servlet.MockMvc$1.andExpect(MockMvc.java:212)
	at com.dbodor.veterinariaweb.auth.HU21PanelAdministracionTest.clienteNoEntraAlPanel(HU21PanelAdministracionTest.java:71)

com.dbodor.veterinariaweb.auth.HU21PanelAdministracionTest.veterinarioNoEntraAlPanel -- Time elapsed: 0.006 s <<< FAILURE!
java.lang.AssertionError: Range for response status value 200 expected:<REDIRECTION> but was:<SUCCESSFUL>
	at org.springframework.test.util.AssertionErrors.fail(AssertionErrors.java:62)
	at org.springframework.test.util.AssertionErrors.assertEquals(AssertionErrors.java:129)
	at org.springframework.test.web.servlet.result.StatusResultMatchers.lambda$is3xxRedirection$0(StatusResultMatchers.java:88)
	at org.springframework.test.web.servlet.MockMvc$1.andExpect(MockMvc.java:212)
	at com.dbodor.veterinariaweb.auth.HU21PanelAdministracionTest.veterinarioNoEntraAlPanel(HU21PanelAdministracionTest.java:80)

