-------------------------------------------------------------------------------
Test set: com.dbodor.veterinariaweb.auth.HU02AutenticacionTest
-------------------------------------------------------------------------------
Tests run: 11, Failures: 1, Errors: 0, Skipped: 0, Time elapsed: 7.298 s <<< FAILURE! -- in com.dbodor.veterinariaweb.auth.HU02AutenticacionTest
com.dbodor.veterinariaweb.auth.HU02AutenticacionTest.sinSesionRedirigeAlLogin -- Time elapsed: 0 s <<< FAILURE!
java.lang.AssertionError: Redirected URL '/login' does not match the expected URL pattern '**/login'
	at org.springframework.test.util.AssertionErrors.fail(AssertionErrors.java:40)
	at org.springframework.test.util.AssertionErrors.assertTrue(AssertionErrors.java:74)
	at org.springframework.test.web.servlet.result.MockMvcResultMatchers.lambda$redirectedUrlPattern$0(MockMvcResultMatchers.java:158)
	at org.springframework.test.web.servlet.MockMvc$1.andExpect(MockMvc.java:212)
	at com.dbodor.veterinariaweb.auth.HU02AutenticacionTest.sinSesionRedirigeAlLogin(HU02AutenticacionTest.java:179)

