-------------------------------------------------------------------------------
Test set: com.dbodor.veterinariaweb.auth.HU21PanelAdministracionTest
-------------------------------------------------------------------------------
Tests run: 6, Failures: 1, Errors: 0, Skipped: 0, Time elapsed: 0.107 s <<< FAILURE! -- in com.dbodor.veterinariaweb.auth.HU21PanelAdministracionTest
com.dbodor.veterinariaweb.auth.HU21PanelAdministracionTest.sinSesionAlLogin -- Time elapsed: 0 s <<< FAILURE!
java.lang.AssertionError: Redirected URL '/login' does not match the expected URL pattern '**/login'
	at org.springframework.test.util.AssertionErrors.fail(AssertionErrors.java:40)
	at org.springframework.test.util.AssertionErrors.assertTrue(AssertionErrors.java:74)
	at org.springframework.test.web.servlet.result.MockMvcResultMatchers.lambda$redirectedUrlPattern$0(MockMvcResultMatchers.java:158)
	at org.springframework.test.web.servlet.MockMvc$1.andExpect(MockMvc.java:212)
	at com.dbodor.veterinariaweb.auth.HU21PanelAdministracionTest.sinSesionAlLogin(HU21PanelAdministracionTest.java:89)

